<?xml version="1.0" encoding="utf-8"?><testsuites name="pytest tests"><testsuite name="pytest" errors="0" failures="1" skipped="0" tests="15" time="1.357" timestamp="2025-10-04T10:20:25.823966+02:00" hostname="DAVID-PC"><testcase classname="test_comprehensive_suite.TestAuthCore" name="test_password_hashing" time="0.382" /><testcase classname="test_comprehensive_suite.TestAuthCore" name="test_jwt_token_creation" time="0.001"><failure message="ImportError: cannot import name 'decode_token' from 'app.core.security' (C:\Users\drurb\garagereg\backend\app\core\security.py)">test_comprehensive_suite.py:75: in test_jwt_token_creation
    from app.core.security import create_access_token, decode_token
E   ImportError: cannot import name 'decode_token' from 'app.core.security' (C:\Users\drurb\garagereg\backend\app\core\security.py)</failure></testcase><testcase classname="test_comprehensive_suite.TestAuthCore" name="test_permission_checking" time="0.001" /><testcase classname="test_comprehensive_suite.TestDataExportImport" name="test_export_format_validation" time="0.001" /><testcase classname="test_comprehensive_suite.TestDataExportImport" name="test_conflict_resolution_strategies" time="0.001" /><testcase classname="test_comprehensive_suite.TestAuthenticationAPI" name="test_login_request_validation" time="0.001" /><testcase classname="test_comprehensive_suite.TestAuthAPIIntegration" name="test_full_authentication_flow" time="0.006" /><testcase classname="test_comprehensive_suite.TestAuthAPIIntegration" name="test_protected_route_access" time="0.002" /><testcase classname="test_comprehensive_suite.TestAuthAPIIntegration" name="test_invalid_credentials" time="0.002" /><testcase classname="test_comprehensive_suite.TestDataExportImportIntegration" name="test_export_endpoint" time="0.002" /><testcase classname="test_comprehensive_suite.TestDataExportImportIntegration" name="test_import_endpoint_with_conflicts" time="0.002" /><testcase classname="test_comprehensive_suite.TestCriticalFunctionality" name="test_application_startup" time="0.001" /><testcase classname="test_comprehensive_suite.TestCriticalFunctionality" name="test_database_connection" time="0.001" /><testcase classname="test_comprehensive_suite.TestCriticalFunctionality" name="test_redis_connection" time="0.001" /><testcase classname="test_comprehensive_suite.TestCriticalFunctionality" name="test_health_check_endpoint" time="0.003" /></testsuite></testsuites>